1616147173242	geckodriver	INFO	Listening on 127.0.0.1:56195
1616147173246	mozrunner::runner	INFO	Running command: "/usr/bin/firefox" "--marionette" "-foreground" "-no-remote" "-profile" "/tmp/rust_mozprofileLsGV6s"
console.warn: SearchSettings: "get: No settings file exists, new profile?" (new Error("", "(unknown module)"))
1616147175123	Marionette	INFO	Listening on port 46639
1616147175178	Marionette	WARN	TLS certificate errors will be ignored for this session
1616147211519	Marionette	INFO	Stopped listening on port 46639

###!!! [Parent][RunMessage] Error: Channel closing: too late to send/recv, messages will be lost

1616147452014	geckodriver	INFO	Listening on 127.0.0.1:55635
1616147452018	mozrunner::runner	INFO	Running command: "/usr/bin/firefox" "--marionette" "-foreground" "-no-remote" "-profile" "/tmp/rust_mozprofileOaRutl"
console.warn: SearchSettings: "get: No settings file exists, new profile?" (new Error("", "(unknown module)"))
1616147453884	Marionette	INFO	Listening on port 39289
1616147453943	Marionette	WARN	TLS certificate errors will be ignored for this session
1616147456548	Marionette	INFO	Stopped listening on port 39289

###!!! [Parent][RunMessage] Error: Channel closing: too late to send/recv, messages will be lost

1616147471992	geckodriver	INFO	Listening on 127.0.0.1:60387
1616147472001	mozrunner::runner	INFO	Running command: "/usr/bin/firefox" "--marionette" "-foreground" "-no-remote" "-profile" "/tmp/rust_mozprofileJc7xTV"
console.warn: SearchSettings: "get: No settings file exists, new profile?" (new Error("", "(unknown module)"))
1616147473850	Marionette	INFO	Listening on port 38737
1616147473918	Marionette	WARN	TLS certificate errors will be ignored for this session
1616147478760	Marionette	INFO	Stopped listening on port 38737
1616147798509	geckodriver	INFO	Listening on 127.0.0.1:45187
1616147798513	mozrunner::runner	INFO	Running command: "/usr/bin/firefox" "--marionette" "-foreground" "-no-remote" "-profile" "/tmp/rust_mozprofilez0sBxC"
console.warn: SearchSettings: "get: No settings file exists, new profile?" (new Error("", "(unknown module)"))
1616147800468	Marionette	INFO	Listening on port 39501
1616147800532	Marionette	WARN	TLS certificate errors will be ignored for this session
console.error: Region.jsm: "Error fetching region" (new Error("TIMEOUT", "resource://gre/modules/Region.jsm", 775))
console.error: Region.jsm: "Failed to fetch region" (new Error("TIMEOUT", "resource://gre/modules/Region.jsm", 422))
1616147831930	Marionette	INFO	Stopped listening on port 39501

###!!! [Parent][RunMessage] Error: Channel closing: too late to send/recv, messages will be lost

1616147833784	geckodriver	INFO	Listening on 127.0.0.1:51019
1616147833788	mozrunner::runner	INFO	Running command: "/usr/bin/firefox" "--marionette" "-foreground" "-no-remote" "-profile" "/tmp/rust_mozprofile8lOadg"
console.warn: SearchSettings: "get: No settings file exists, new profile?" (new Error("", "(unknown module)"))
1616147835708	Marionette	INFO	Listening on port 36385
1616147835813	Marionette	WARN	TLS certificate errors will be ignored for this session
1616147859001	Marionette	INFO	Stopped listening on port 36385

###!!! [Parent][RunMessage] Error: Channel closing: too late to send/recv, messages will be lost

1616210017408	geckodriver	INFO	Listening on 127.0.0.1:57087
1616210017413	mozrunner::runner	INFO	Running command: "/usr/bin/firefox" "--marionette" "-foreground" "-no-remote" "-profile" "/tmp/rust_mozprofile4cHgvG"
console.warn: SearchSettings: "get: No settings file exists, new profile?" (new Error("", "(unknown module)"))
1616210019298	Marionette	INFO	Listening on port 40993
1616210019337	Marionette	WARN	TLS certificate errors will be ignored for this session
1616210022878	Marionette	INFO	Stopped listening on port 40993
1616227943780	geckodriver	INFO	Listening on 127.0.0.1:55229
1616227943784	mozrunner::runner	INFO	Running command: "/usr/bin/firefox" "--marionette" "-foreground" "-no-remote" "-profile" "/tmp/rust_mozprofileyBwSOn"
console.warn: SearchSettings: "get: No settings file exists, new profile?" (new Error("", "(unknown module)"))
1616227945771	Marionette	INFO	Listening on port 35933
1616227945803	Marionette	WARN	TLS certificate errors will be ignored for this session
JavaScript error: resource://activity-stream/lib/ASRouter.jsm, line 988: NS_ERROR_ILLEGAL_VALUE: Component returned failure code: 0x80070057 (NS_ERROR_ILLEGAL_VALUE) [nsIObserverService.removeObserver]
1616227958590	Marionette	INFO	Stopped listening on port 35933
1616230387173	geckodriver	INFO	Listening on 127.0.0.1:51079
1616230387177	mozrunner::runner	INFO	Running command: "/usr/bin/firefox" "--marionette" "-foreground" "-no-remote" "-profile" "/tmp/rust_mozprofileVcpc3T"
console.warn: SearchSettings: "get: No settings file exists, new profile?" (new Error("", "(unknown module)"))
1616230389044	Marionette	INFO	Listening on port 46811
1616230389113	Marionette	WARN	TLS certificate errors will be ignored for this session
console.error: Region.jsm: "Error fetching region" (new Error("TIMEOUT", "resource://gre/modules/Region.jsm", 775))
console.error: Region.jsm: "Failed to fetch region" (new Error("TIMEOUT", "resource://gre/modules/Region.jsm", 422))
JavaScript error: resource://activity-stream/lib/ASRouter.jsm, line 988: NS_ERROR_ILLEGAL_VALUE: Component returned failure code: 0x80070057 (NS_ERROR_ILLEGAL_VALUE) [nsIObserverService.removeObserver]
1616230400355	Marionette	INFO	Stopped listening on port 46811

###!!! [Parent][RunMessage] Error: Channel closing: too late to send/recv, messages will be lost

1616232616169	geckodriver	INFO	Listening on 127.0.0.1:54281
1616232616173	mozrunner::runner	INFO	Running command: "/usr/bin/firefox" "--marionette" "-foreground" "-no-remote" "-profile" "/tmp/rust_mozprofileqeerhK"
console.warn: SearchSettings: "get: No settings file exists, new profile?" (new Error("", "(unknown module)"))
1616232618139	Marionette	INFO	Listening on port 39489
1616232618192	Marionette	WARN	TLS certificate errors will be ignored for this session
1616232642074	geckodriver	INFO	Listening on 127.0.0.1:53293
1616232642082	mozrunner::runner	INFO	Running command: "/usr/bin/firefox" "--marionette" "-foreground" "-no-remote" "-profile" "/tmp/rust_mozprofileuend9i"
Exiting due to channel error.
1616232643285	geckodriver	INFO	Listening on 127.0.0.1:52989
1616232643289	mozrunner::runner	INFO	Running command: "/usr/bin/firefox" "--marionette" "-foreground" "-no-remote" "-profile" "/tmp/rust_mozprofilesVfiYs"
console.warn: SearchSettings: "get: No settings file exists, new profile?" (new Error("", "(unknown module)"))
1616232645143	Marionette	INFO	Listening on port 39303
1616232645231	Marionette	WARN	TLS certificate errors will be ignored for this session
1616232646917	Marionette	INFO	Stopped listening on port 39489

###!!! [Parent][RunMessage] Error: Channel closing: too late to send/recv, messages will be lost

1616232655672	Marionette	INFO	Stopped listening on port 39303
1616232658788	geckodriver	INFO	Listening on 127.0.0.1:56199
1616232658792	mozrunner::runner	INFO	Running command: "/usr/bin/firefox" "--marionette" "-foreground" "-no-remote" "-profile" "/tmp/rust_mozprofilexcs7Fi"
console.warn: SearchSettings: "get: No settings file exists, new profile?" (new Error("", "(unknown module)"))
1616232660634	Marionette	INFO	Listening on port 37127
1616232660714	Marionette	WARN	TLS certificate errors will be ignored for this session
JavaScript error: resource://activity-stream/lib/ASRouter.jsm, line 988: NS_ERROR_ILLEGAL_VALUE: Component returned failure code: 0x80070057 (NS_ERROR_ILLEGAL_VALUE) [nsIObserverService.removeObserver]
console.error: Region.jsm: "Error fetching region" (new TypeError("NetworkError when attempting to fetch resource.", ""))
console.error: Region.jsm: "Failed to fetch region" (new Error("NO_RESULT", "resource://gre/modules/Region.jsm", 422))
1616232661139	Marionette	INFO	Stopped listening on port 37127

###!!! [Parent][RunMessage] Error: Channel closing: too late to send/recv, messages will be lost

1616235451356	geckodriver	INFO	Listening on 127.0.0.1:47401
1616235451360	mozrunner::runner	INFO	Running command: "/usr/bin/firefox" "--marionette" "-foreground" "-no-remote" "-profile" "/tmp/rust_mozprofileubdbUY"
console.warn: SearchSettings: "get: No settings file exists, new profile?" (new Error("", "(unknown module)"))
1616235453363	Marionette	INFO	Listening on port 35921
1616235453479	Marionette	WARN	TLS certificate errors will be ignored for this session
1616235457890	Marionette	INFO	Stopped listening on port 35921
1616236867670	geckodriver	INFO	Listening on 127.0.0.1:47011
1616236867674	mozrunner::runner	INFO	Running command: "/usr/bin/firefox" "--marionette" "-foreground" "-no-remote" "-profile" "/tmp/rust_mozprofilex9C7bJ"
console.warn: SearchSettings: "get: No settings file exists, new profile?" (new Error("", "(unknown module)"))
1616236869580	Marionette	INFO	Listening on port 34061
1616236869697	Marionette	WARN	TLS certificate errors will be ignored for this session
JavaScript error: resource://activity-stream/lib/ASRouter.jsm, line 988: NS_ERROR_ILLEGAL_VALUE: Component returned failure code: 0x80070057 (NS_ERROR_ILLEGAL_VALUE) [nsIObserverService.removeObserver]
1616236871586	Marionette	INFO	Stopped listening on port 34061
1616238336319	geckodriver	INFO	Listening on 127.0.0.1:49301
1616238336323	mozrunner::runner	INFO	Running command: "/usr/bin/firefox" "--marionette" "-foreground" "-no-remote" "-profile" "/tmp/rust_mozprofilekMErGW"
console.warn: SearchSettings: "get: No settings file exists, new profile?" (new Error("", "(unknown module)"))
1616238338225	Marionette	INFO	Listening on port 43071
1616238338242	Marionette	WARN	TLS certificate errors will be ignored for this session
1616238464073	geckodriver	INFO	Listening on 127.0.0.1:59081
1616238464077	mozrunner::runner	INFO	Running command: "/usr/bin/firefox" "--marionette" "-foreground" "-no-remote" "-profile" "/tmp/rust_mozprofileGWff0E"
console.warn: SearchSettings: "get: No settings file exists, new profile?" (new Error("", "(unknown module)"))
1616238466009	Marionette	INFO	Listening on port 46221
1616238466096	Marionette	WARN	TLS certificate errors will be ignored for this session
JavaScript error: resource://activity-stream/lib/ASRouter.jsm, line 988: NS_ERROR_ILLEGAL_VALUE: Component returned failure code: 0x80070057 (NS_ERROR_ILLEGAL_VALUE) [nsIObserverService.removeObserver]
console.error: services.settings: 
  main/message-groups Signature failed  TypeError: NetworkError when attempting to fetch resource.
1616238467403	Marionette	INFO	Stopped listening on port 46221

###!!! [Parent][RunMessage] Error: Channel closing: too late to send/recv, messages will be lost

1616238467978	Marionette	INFO	Stopped listening on port 43071

###!!! [Parent][RunMessage] Error: Channel closing: too late to send/recv, messages will be lost

1616238900940	geckodriver	INFO	Listening on 127.0.0.1:60623
1616238900943	mozrunner::runner	INFO	Running command: "/usr/bin/firefox" "--marionette" "-foreground" "-no-remote" "-profile" "/tmp/rust_mozprofileprFJYC"
console.warn: SearchSettings: "get: No settings file exists, new profile?" (new Error("", "(unknown module)"))
1616238902819	Marionette	INFO	Listening on port 39823
1616238902865	Marionette	WARN	TLS certificate errors will be ignored for this session
JavaScript error: resource://activity-stream/lib/ASRouter.jsm, line 988: NS_ERROR_ILLEGAL_VALUE: Component returned failure code: 0x80070057 (NS_ERROR_ILLEGAL_VALUE) [nsIObserverService.removeObserver]
1616238905580	Marionette	INFO	Stopped listening on port 39823
1616394777727	geckodriver	INFO	Listening on 127.0.0.1:52253
1616394777737	mozrunner::runner	INFO	Running command: "/usr/bin/firefox" "--marionette" "-foreground" "-no-remote" "-profile" "/tmp/rust_mozprofilexgBpG4"
console.warn: SearchSettings: "get: No settings file exists, new profile?" (new Error("", "(unknown module)"))
1616394779703	Marionette	INFO	Listening on port 46029
1616394779743	Marionette	WARN	TLS certificate errors will be ignored for this session
1616394784258	Marionette	INFO	Stopped listening on port 46029

###!!! [Parent][RunMessage] Error: Channel closing: too late to send/recv, messages will be lost

1616397835565	geckodriver	INFO	Listening on 127.0.0.1:35995
1616397835569	mozrunner::runner	INFO	Running command: "/usr/bin/firefox" "--marionette" "-foreground" "-no-remote" "-profile" "/tmp/rust_mozprofileGWtAEu"
console.warn: SearchSettings: "get: No settings file exists, new profile?" (new Error("", "(unknown module)"))
1616397837368	Marionette	INFO	Listening on port 37673
1616397837387	Marionette	WARN	TLS certificate errors will be ignored for this session
JavaScript error: resource://activity-stream/lib/ASRouter.jsm, line 988: NS_ERROR_ILLEGAL_VALUE: Component returned failure code: 0x80070057 (NS_ERROR_ILLEGAL_VALUE) [nsIObserverService.removeObserver]
console.error: Region.jsm: "Error fetching region" (new TypeError("NetworkError when attempting to fetch resource.", ""))
console.error: Region.jsm: "Failed to fetch region" (new Error("NO_RESULT", "resource://gre/modules/Region.jsm", 422))
1616397840157	Marionette	INFO	Stopped listening on port 37673
1616475332645	geckodriver	INFO	Listening on 127.0.0.1:48927
1616475333640	mozrunner::runner	INFO	Running command: "/usr/bin/firefox" "--marionette" "-foreground" "-no-remote" "-profile" "/tmp/rust_mozprofileOF58oa"
console.warn: SearchSettings: "get: No settings file exists, new profile?" (new Error("", "(unknown module)"))
1616475335529	Marionette	INFO	Listening on port 42147
1616475335565	Marionette	WARN	TLS certificate errors will be ignored for this session
1616475337501	Marionette	INFO	Stopped listening on port 42147

###!!! [Parent][RunMessage] Error: Channel closing: too late to send/recv, messages will be lost

1616475381857	geckodriver	INFO	Listening on 127.0.0.1:46881
1616475381861	mozrunner::runner	INFO	Running command: "/usr/bin/firefox" "--marionette" "-foreground" "-no-remote" "-profile" "/tmp/rust_mozprofile1uW3lM"
console.warn: SearchSettings: "get: No settings file exists, new profile?" (new Error("", "(unknown module)"))
1616475383934	Marionette	INFO	Listening on port 43597
1616475383986	Marionette	WARN	TLS certificate errors will be ignored for this session
JavaScript error: resource://activity-stream/lib/ASRouter.jsm, line 988: NS_ERROR_ILLEGAL_VALUE: Component returned failure code: 0x80070057 (NS_ERROR_ILLEGAL_VALUE) [nsIObserverService.removeObserver]
1616475386664	Marionette	INFO	Stopped listening on port 43597

###!!! [Parent][RunMessage] Error: Channel closing: too late to send/recv, messages will be lost

1616475447228	geckodriver	INFO	Listening on 127.0.0.1:47675
1616475447233	mozrunner::runner	INFO	Running command: "/usr/bin/firefox" "--marionette" "-foreground" "-no-remote" "-profile" "/tmp/rust_mozprofileFcO8PX"
console.warn: SearchSettings: "get: No settings file exists, new profile?" (new Error("", "(unknown module)"))
1616475449103	Marionette	INFO	Listening on port 41847
1616475449158	Marionette	WARN	TLS certificate errors will be ignored for this session
JavaScript error: resource://activity-stream/lib/ASRouter.jsm, line 988: NS_ERROR_ILLEGAL_VALUE: Component returned failure code: 0x80070057 (NS_ERROR_ILLEGAL_VALUE) [nsIObserverService.removeObserver]
console.error: services.settings: 
  main/whats-new-panel Signature failed  TypeError: NetworkError when attempting to fetch resource.
1616475451208	Marionette	INFO	Stopped listening on port 41847
1616475573924	geckodriver	INFO	Listening on 127.0.0.1:53321
1616475573927	mozrunner::runner	INFO	Running command: "/usr/bin/firefox" "--marionette" "-foreground" "-no-remote" "-profile" "/tmp/rust_mozprofile1ZaMwN"
console.warn: SearchSettings: "get: No settings file exists, new profile?" (new Error("", "(unknown module)"))
1616475575751	Marionette	INFO	Listening on port 40423
1616475575917	Marionette	WARN	TLS certificate errors will be ignored for this session
1616475578281	Marionette	INFO	Stopped listening on port 40423

###!!! [Parent][RunMessage] Error: Channel closing: too late to send/recv, messages will be lost

1616475718059	geckodriver	INFO	Listening on 127.0.0.1:47713
1616475718078	mozrunner::runner	INFO	Running command: "/usr/bin/firefox" "--marionette" "-foreground" "-no-remote" "-profile" "/tmp/rust_mozprofileIgDLCD"
console.warn: SearchSettings: "get: No settings file exists, new profile?" (new Error("", "(unknown module)"))
1616475720015	Marionette	INFO	Listening on port 46453
1616475720134	Marionette	WARN	TLS certificate errors will be ignored for this session
JavaScript error: resource://activity-stream/lib/ASRouter.jsm, line 988: NS_ERROR_ILLEGAL_VALUE: Component returned failure code: 0x80070057 (NS_ERROR_ILLEGAL_VALUE) [nsIObserverService.removeObserver]
console.error: Region.jsm: "Error fetching region" (new TypeError("NetworkError when attempting to fetch resource.", ""))
console.error: Region.jsm: "Failed to fetch region" (new Error("NO_RESULT", "resource://gre/modules/Region.jsm", 422))
1616475721332	Marionette	INFO	Stopped listening on port 46453
1616475952998	geckodriver	INFO	Listening on 127.0.0.1:53949
1616475953002	mozrunner::runner	INFO	Running command: "/usr/bin/firefox" "--marionette" "-foreground" "-no-remote" "-profile" "/tmp/rust_mozprofile7sImjP"
console.warn: SearchSettings: "get: No settings file exists, new profile?" (new Error("", "(unknown module)"))
1616475954869	Marionette	INFO	Listening on port 41831
1616475954926	Marionette	WARN	TLS certificate errors will be ignored for this session
JavaScript error: resource://activity-stream/lib/ASRouter.jsm, line 988: NS_ERROR_ILLEGAL_VALUE: Component returned failure code: 0x80070057 (NS_ERROR_ILLEGAL_VALUE) [nsIObserverService.removeObserver]
console.error: Region.jsm: "Error fetching region" (new TypeError("NetworkError when attempting to fetch resource.", ""))
console.error: Region.jsm: "Failed to fetch region" (new Error("NO_RESULT", "resource://gre/modules/Region.jsm", 422))
1616475955811	Marionette	INFO	Stopped listening on port 41831
1616475992064	geckodriver	INFO	Listening on 127.0.0.1:53827
1616475992068	mozrunner::runner	INFO	Running command: "/usr/bin/firefox" "--marionette" "-foreground" "-no-remote" "-profile" "/tmp/rust_mozprofile7EFVay"
console.warn: SearchSettings: "get: No settings file exists, new profile?" (new Error("", "(unknown module)"))
1616475994106	Marionette	INFO	Listening on port 46691
1616475994187	Marionette	WARN	TLS certificate errors will be ignored for this session
JavaScript error: resource://activity-stream/lib/ASRouter.jsm, line 988: NS_ERROR_ILLEGAL_VALUE: Component returned failure code: 0x80070057 (NS_ERROR_ILLEGAL_VALUE) [nsIObserverService.removeObserver]
1616475995276	Marionette	INFO	Stopped listening on port 46691

###!!! [Parent][RunMessage] Error: Channel closing: too late to send/recv, messages will be lost

1616476083389	geckodriver	INFO	Listening on 127.0.0.1:33439
1616476083393	mozrunner::runner	INFO	Running command: "/usr/bin/firefox" "--marionette" "-foreground" "-no-remote" "-profile" "/tmp/rust_mozprofiletSNtY8"
console.warn: SearchSettings: "get: No settings file exists, new profile?" (new Error("", "(unknown module)"))
1616476085309	Marionette	INFO	Listening on port 40631
1616476085411	Marionette	WARN	TLS certificate errors will be ignored for this session
JavaScript error: resource://activity-stream/lib/ASRouter.jsm, line 988: NS_ERROR_ILLEGAL_VALUE: Component returned failure code: 0x80070057 (NS_ERROR_ILLEGAL_VALUE) [nsIObserverService.removeObserver]
console.error: Region.jsm: "Error fetching region" (new TypeError("NetworkError when attempting to fetch resource.", ""))
console.error: Region.jsm: "Failed to fetch region" (new Error("NO_RESULT", "resource://gre/modules/Region.jsm", 422))
1616476086495	Marionette	INFO	Stopped listening on port 40631

###!!! [Parent][RunMessage] Error: Channel closing: too late to send/recv, messages will be lost

1616476210788	geckodriver	INFO	Listening on 127.0.0.1:42437
1616476210792	mozrunner::runner	INFO	Running command: "/usr/bin/firefox" "--marionette" "-foreground" "-no-remote" "-profile" "/tmp/rust_mozprofileZJqban"
console.warn: SearchSettings: "get: No settings file exists, new profile?" (new Error("", "(unknown module)"))
1616476212716	Marionette	INFO	Listening on port 42869
1616476212816	Marionette	WARN	TLS certificate errors will be ignored for this session
JavaScript error: resource://activity-stream/lib/ASRouter.jsm, line 988: NS_ERROR_ILLEGAL_VALUE: Component returned failure code: 0x80070057 (NS_ERROR_ILLEGAL_VALUE) [nsIObserverService.removeObserver]
console.warn: services.settings: main/cfr sync interrupted by shutdown
console.error: Region.jsm: "Error fetching region" (new TypeError("NetworkError when attempting to fetch resource.", ""))
console.error: Region.jsm: "Failed to fetch region" (new Error("NO_RESULT", "resource://gre/modules/Region.jsm", 422))
1616476213453	Marionette	INFO	Stopped listening on port 42869

###!!! [Parent][RunMessage] Error: Channel closing: too late to send/recv, messages will be lost

1616476533789	geckodriver	INFO	Listening on 127.0.0.1:52453
1616476533792	mozrunner::runner	INFO	Running command: "/usr/bin/firefox" "--marionette" "-foreground" "-no-remote" "-profile" "/tmp/rust_mozprofileBmOBxs"
console.warn: SearchSettings: "get: No settings file exists, new profile?" (new Error("", "(unknown module)"))
1616476535655	Marionette	INFO	Listening on port 42827
1616476535744	Marionette	WARN	TLS certificate errors will be ignored for this session
JavaScript error: resource://activity-stream/lib/ASRouter.jsm, line 988: NS_ERROR_ILLEGAL_VALUE: Component returned failure code: 0x80070057 (NS_ERROR_ILLEGAL_VALUE) [nsIObserverService.removeObserver]
1616476536572	Marionette	INFO	Stopped listening on port 42827

###!!! [Parent][RunMessage] Error: Channel closing: too late to send/recv, messages will be lost

1616476633588	geckodriver	INFO	Listening on 127.0.0.1:34767
1616476633592	mozrunner::runner	INFO	Running command: "/usr/bin/firefox" "--marionette" "-foreground" "-no-remote" "-profile" "/tmp/rust_mozprofileeKDj00"
console.warn: SearchSettings: "get: No settings file exists, new profile?" (new Error("", "(unknown module)"))
1616476635570	Marionette	INFO	Listening on port 40053
1616476635614	Marionette	WARN	TLS certificate errors will be ignored for this session
JavaScript error: resource://activity-stream/lib/ASRouter.jsm, line 988: NS_ERROR_ILLEGAL_VALUE: Component returned failure code: 0x80070057 (NS_ERROR_ILLEGAL_VALUE) [nsIObserverService.removeObserver]
1616476636457	Marionette	INFO	Stopped listening on port 40053

###!!! [Parent][RunMessage] Error: Channel closing: too late to send/recv, messages will be lost

1616476799382	geckodriver	INFO	Listening on 127.0.0.1:59785
1616476799386	mozrunner::runner	INFO	Running command: "/usr/bin/firefox" "--marionette" "-foreground" "-no-remote" "-profile" "/tmp/rust_mozprofile3vdFaz"
console.warn: SearchSettings: "get: No settings file exists, new profile?" (new Error("", "(unknown module)"))
1616476801283	Marionette	INFO	Listening on port 45413
1616476801310	Marionette	WARN	TLS certificate errors will be ignored for this session
JavaScript error: resource://activity-stream/lib/ASRouter.jsm, line 988: NS_ERROR_ILLEGAL_VALUE: Component returned failure code: 0x80070057 (NS_ERROR_ILLEGAL_VALUE) [nsIObserverService.removeObserver]
console.error: services.settings: 
  main/whats-new-panel Signature failed  TypeError: NetworkError when attempting to fetch resource.
1616476802811	Marionette	INFO	Stopped listening on port 45413

###!!! [Parent][RunMessage] Error: Channel closing: too late to send/recv, messages will be lost

1616477225655	geckodriver	INFO	Listening on 127.0.0.1:37755
1616477225659	mozrunner::runner	INFO	Running command: "/usr/bin/firefox" "--marionette" "-foreground" "-no-remote" "-profile" "/tmp/rust_mozprofile2OK0DP"
console.warn: SearchSettings: "get: No settings file exists, new profile?" (new Error("", "(unknown module)"))
1616477227659	Marionette	INFO	Listening on port 35633
1616477227680	Marionette	WARN	TLS certificate errors will be ignored for this session
JavaScript error: resource://activity-stream/lib/ASRouter.jsm, line 988: NS_ERROR_ILLEGAL_VALUE: Component returned failure code: 0x80070057 (NS_ERROR_ILLEGAL_VALUE) [nsIObserverService.removeObserver]
console.error: Region.jsm: "Error fetching region" (new TypeError("NetworkError when attempting to fetch resource.", ""))
console.error: Region.jsm: "Failed to fetch region" (new Error("NO_RESULT", "resource://gre/modules/Region.jsm", 422))
1616477228221	Marionette	INFO	Stopped listening on port 35633

###!!! [Parent][RunMessage] Error: Channel closing: too late to send/recv, messages will be lost

1616477966750	geckodriver	INFO	Listening on 127.0.0.1:34743
1616477966763	mozrunner::runner	INFO	Running command: "/usr/bin/firefox" "--marionette" "-foreground" "-no-remote" "-profile" "/tmp/rust_mozprofileRIAFXr"
console.warn: SearchSettings: "get: No settings file exists, new profile?" (new Error("", "(unknown module)"))
1616477968839	Marionette	INFO	Listening on port 32787
1616477968882	Marionette	WARN	TLS certificate errors will be ignored for this session
1616477971455	Marionette	INFO	Stopped listening on port 32787

###!!! [Parent][RunMessage] Error: Channel closing: too late to send/recv, messages will be lost

